#! /usr/local/bin/vvp
:ivl_version "0.9.7 " "(v0_9_7)";
:vpi_time_precision - 12;
:vpi_module "system";
:vpi_module "v2005_math";
:vpi_module "va_math";
S_0x2219620 .scope module, "test_clk_781250" "test_clk_781250" 2 25;
 .timescale -9 -12;
v0x222a2d0_0 .var "CLK_50M", 0 0;
v0x222a3a0_0 .net "CLK_781250", 0 0, L_0x222a500; 1 drivers
v0x222a450_0 .var "RST", 0 0;
S_0x2219710 .scope module, "uut" "clk_781250_generator" 2 36, 3 22, S_0x2219620;
 .timescale -9 -12;
v0x21f6470_0 .net "CLK_50M", 0 0, v0x222a2d0_0; 1 drivers
v0x222a0e0_0 .alias "CLK_781250", 0 0, v0x222a3a0_0;
v0x222a180_0 .net "RST", 0 0, v0x222a450_0; 1 drivers
v0x222a220_0 .var "counter", 5 0;
E_0x21f5ae0 .event posedge, v0x21f6470_0;
L_0x222a500 .part v0x222a220_0, 5, 1;
    .scope S_0x2219710;
T_0 ;
    %wait E_0x21f5ae0;
    %load/v 8, v0x222a180_0, 1;
    %inv 8, 1;
    %jmp/0xz  T_0.0, 8;
    %ix/load 0, 6, 0;
    %assign/v0 v0x222a220_0, 0, 0;
    %jmp T_0.1;
T_0.0 ;
    %ix/load 0, 1, 0;
    %load/vp0 8, v0x222a220_0, 6;
    %ix/load 0, 6, 0;
    %assign/v0 v0x222a220_0, 0, 8;
T_0.1 ;
    %jmp T_0;
    .thread T_0;
    .scope S_0x2219620;
T_1 ;
    %set/v v0x222a2d0_0, 0, 1;
    %delay 10000, 0;
    %set/v v0x222a2d0_0, 1, 1;
    %delay 10000, 0;
    %jmp T_1;
    .thread T_1;
    .scope S_0x2219620;
T_2 ;
    %vpi_call 2 51 "$dumpfile", "clk_781250.vcd";
    %vpi_call 2 52 "$dumpvars", v0x222a3a0_0;
    %end;
    .thread T_2;
    .scope S_0x2219620;
T_3 ;
    %delay 128000000, 0;
    %vpi_call 2 56 "$finish";
    %end;
    .thread T_3;
    .scope S_0x2219620;
T_4 ;
    %delay 1000, 0;
    %set/v v0x222a450_0, 1, 1;
    %delay 1000, 0;
    %set/v v0x222a450_0, 0, 1;
    %delay 10000, 0;
    %set/v v0x222a450_0, 1, 1;
    %end;
    .thread T_4;
# The file index is used to find the file name in the following table.
:file_names 4;
    "N/A";
    "<interactive>";
    "test_clk_781250.v";
    "clk_781250_generator.v";
